Performing C++ SOURCE FILE Test CMAKE_HAVE_LIBC_PTHREAD failed with the following output:
Change Dir: /home/mioli/cppa/CMakeFiles/CMakeTmp

Run Build Command(s):/usr/bin/gmake -f Makefile cmTC_93ca8/fast && /usr/bin/gmake  -f CMakeFiles/cmTC_93ca8.dir/build.make CMakeFiles/cmTC_93ca8.dir/build
gmake[1] : on entre dans le répertoire « /home/mioli/cppa/CMakeFiles/CMakeTmp »
Building CXX object CMakeFiles/cmTC_93ca8.dir/src.cxx.o
/usr/bin/c++ -DCMAKE_HAVE_LIBC_PTHREAD   -o CMakeFiles/cmTC_93ca8.dir/src.cxx.o -c /home/mioli/cppa/CMakeFiles/CMakeTmp/src.cxx
Linking CXX executable cmTC_93ca8
/snap/cmake/870/bin/cmake -E cmake_link_script CMakeFiles/cmTC_93ca8.dir/link.txt --verbose=1
/usr/bin/c++ CMakeFiles/cmTC_93ca8.dir/src.cxx.o -o cmTC_93ca8 
/usr/bin/ld : CMakeFiles/cmTC_93ca8.dir/src.cxx.o : dans la fonction « main » :
src.cxx:(.text+0x46) : référence indéfinie vers « pthread_create »
/usr/bin/ld : src.cxx:(.text+0x52) : référence indéfinie vers « pthread_detach »
/usr/bin/ld : src.cxx:(.text+0x5e) : référence indéfinie vers « pthread_cancel »
/usr/bin/ld : src.cxx:(.text+0x6f) : référence indéfinie vers « pthread_join »
collect2: error: ld returned 1 exit status
gmake[1]: *** [CMakeFiles/cmTC_93ca8.dir/build.make:99 : cmTC_93ca8] Erreur 1
gmake[1] : on quitte le répertoire « /home/mioli/cppa/CMakeFiles/CMakeTmp »
gmake: *** [Makefile:127 : cmTC_93ca8/fast] Erreur 2


Source file was:
#include <pthread.h>

static void* test_func(void* data)
{
  return data;
}

int main(void)
{
  pthread_t thread;
  pthread_create(&thread, NULL, test_func, NULL);
  pthread_detach(thread);
  pthread_cancel(thread);
  pthread_join(thread, NULL);
  pthread_atfork(NULL, NULL, NULL);
  pthread_exit(NULL);

  return 0;
}

Determining if the function pthread_create exists in the pthreads failed with the following output:
Change Dir: /home/mioli/cppa/CMakeFiles/CMakeTmp

Run Build Command(s):/usr/bin/gmake -f Makefile cmTC_4659a/fast && /usr/bin/gmake  -f CMakeFiles/cmTC_4659a.dir/build.make CMakeFiles/cmTC_4659a.dir/build
gmake[1] : on entre dans le répertoire « /home/mioli/cppa/CMakeFiles/CMakeTmp »
Building CXX object CMakeFiles/cmTC_4659a.dir/CheckFunctionExists.cxx.o
/usr/bin/c++   -DCHECK_FUNCTION_EXISTS=pthread_create -o CMakeFiles/cmTC_4659a.dir/CheckFunctionExists.cxx.o -c /home/mioli/cppa/CMakeFiles/CheckLibraryExists/CheckFunctionExists.cxx
Linking CXX executable cmTC_4659a
/snap/cmake/870/bin/cmake -E cmake_link_script CMakeFiles/cmTC_4659a.dir/link.txt --verbose=1
/usr/bin/c++  -DCHECK_FUNCTION_EXISTS=pthread_create CMakeFiles/cmTC_4659a.dir/CheckFunctionExists.cxx.o -o cmTC_4659a  -lpthreads 
/usr/bin/ld : ne peut trouver -lpthreads
collect2: error: ld returned 1 exit status
gmake[1]: *** [CMakeFiles/cmTC_4659a.dir/build.make:99 : cmTC_4659a] Erreur 1
gmake[1] : on quitte le répertoire « /home/mioli/cppa/CMakeFiles/CMakeTmp »
gmake: *** [Makefile:127 : cmTC_4659a/fast] Erreur 2



